[17:29:55] [main/INFO] [GradleStart]: No arguments specified, assuming client.
[17:29:55] [main/INFO] [GradleStart]: Extra: []
[17:30:41] [main/INFO] [GradleStart]: No arguments specified, assuming client.
[17:30:41] [main/INFO] [GradleStart]: Extra: []
[18:01:20] [main/INFO] [GradleStart]: No arguments specified, assuming client.
[18:01:20] [main/INFO] [GradleStart]: Extra: []
[18:21:35] [main/INFO] [GradleStart]: No arguments specified, assuming client.
[18:21:35] [main/INFO] [GradleStart]: Extra: []
[18:33:15] [main/INFO] [GradleStart]: assetIndex: 1.7.10
[18:33:15] [main/INFO] [GradleStart]: Extra: []
[18:33:15] [main/INFO] [GradleStart]: Running with arguments: [--userProperties, {}, --username, ForgeDevName, --tweakClass, cpw.mods.fml.common.launcher.FMLTweaker, --accessToken, {REDACTED}, --assetIndex, 1.7.10, --assetsDir, C:/Users/Jonathon Secora/.gradle/caches/minecraft/assets, --version, 1.7.10]
[18:33:15] [main/INFO] [LaunchWrapper]: Loading tweak class name cpw.mods.fml.common.launcher.FMLTweaker
[18:33:16] [main/INFO] [LaunchWrapper]: Using primary tweak class name cpw.mods.fml.common.launcher.FMLTweaker
[18:33:16] [main/INFO] [LaunchWrapper]: Calling tweak class cpw.mods.fml.common.launcher.FMLTweaker
[18:40:01] [main/INFO] [GradleStart]: assetIndex: 1.7.10
[18:40:01] [main/INFO] [GradleStart]: Extra: []
[18:40:01] [main/INFO] [GradleStart]: Running with arguments: [--userProperties, {}, --username, ForgeDevName, --tweakClass, cpw.mods.fml.common.launcher.FMLTweaker, --accessToken, {REDACTED}, --assetIndex, 1.7.10, --assetsDir, C:/Users/Jonathon Secora/.gradle/caches/minecraft/assets, --version, 1.7.10]
[18:40:01] [main/INFO] [LaunchWrapper]: Loading tweak class name cpw.mods.fml.common.launcher.FMLTweaker
[18:40:01] [main/INFO] [LaunchWrapper]: Using primary tweak class name cpw.mods.fml.common.launcher.FMLTweaker
[18:40:01] [main/INFO] [LaunchWrapper]: Calling tweak class cpw.mods.fml.common.launcher.FMLTweaker
[23:05:25] [main/INFO] [GradleStart]: assetIndex: 1.7.10
[23:05:25] [main/INFO] [GradleStart]: Extra: []
[23:05:25] [main/INFO] [GradleStart]: Running with arguments: [--userProperties, {}, --username, ForgeDevName, --tweakClass, cpw.mods.fml.common.launcher.FMLTweaker, --accessToken, {REDACTED}, --assetIndex, 1.7.10, --assetsDir, C:/Users/Jonathon Secora/.gradle/caches/minecraft/assets, --version, 1.7.10]
[23:05:25] [main/INFO] [LaunchWrapper]: Loading tweak class name cpw.mods.fml.common.launcher.FMLTweaker
[23:05:25] [main/INFO] [LaunchWrapper]: Using primary tweak class name cpw.mods.fml.common.launcher.FMLTweaker
[23:05:25] [main/INFO] [LaunchWrapper]: Calling tweak class cpw.mods.fml.common.launcher.FMLTweaker
[00:08:51] [main/INFO] [GradleStart]: assetIndex: 1.7.10
[00:08:51] [main/INFO] [GradleStart]: Extra: []
[00:08:51] [main/INFO] [GradleStart]: Running with arguments: [--userProperties, {}, --username, ForgeDevName, --tweakClass, cpw.mods.fml.common.launcher.FMLTweaker, --accessToken, {REDACTED}, --assetIndex, 1.7.10, --assetsDir, C:/Users/Jonathon Secora/.gradle/caches/minecraft/assets, --version, 1.7.10]
[00:08:51] [main/INFO] [LaunchWrapper]: Loading tweak class name cpw.mods.fml.common.launcher.FMLTweaker
[00:08:51] [main/INFO] [LaunchWrapper]: Using primary tweak class name cpw.mods.fml.common.launcher.FMLTweaker
[00:08:51] [main/INFO] [LaunchWrapper]: Calling tweak class cpw.mods.fml.common.launcher.FMLTweaker
[01:48:49] [main/INFO] [GradleStart]: assetIndex: 1.7.10
[01:48:49] [main/INFO] [GradleStart]: Extra: []
[01:48:50] [main/INFO] [GradleStart]: Running with arguments: [--userProperties, {}, --username, ForgeDevName, --tweakClass, cpw.mods.fml.common.launcher.FMLTweaker, --accessToken, {REDACTED}, --assetIndex, 1.7.10, --assetsDir, C:/Users/Jonathon Secora/.gradle/caches/minecraft/assets, --version, 1.7.10]
[01:48:50] [main/INFO] [LaunchWrapper]: Loading tweak class name cpw.mods.fml.common.launcher.FMLTweaker
[01:48:50] [main/INFO] [LaunchWrapper]: Using primary tweak class name cpw.mods.fml.common.launcher.FMLTweaker
[01:48:50] [main/INFO] [LaunchWrapper]: Calling tweak class cpw.mods.fml.common.launcher.FMLTweaker
[03:11:30] [main/INFO] [GradleStart]: assetIndex: 1.7.10
[03:11:30] [main/INFO] [GradleStart]: Extra: []
[03:11:30] [main/INFO] [GradleStart]: Running with arguments: [--userProperties, {}, --username, ForgeDevName, --tweakClass, cpw.mods.fml.common.launcher.FMLTweaker, --accessToken, {REDACTED}, --assetIndex, 1.7.10, --assetsDir, C:/Users/Jonathon Secora/.gradle/caches/minecraft/assets, --version, 1.7.10]
[03:11:30] [main/INFO] [LaunchWrapper]: Loading tweak class name cpw.mods.fml.common.launcher.FMLTweaker
[03:11:30] [main/INFO] [LaunchWrapper]: Using primary tweak class name cpw.mods.fml.common.launcher.FMLTweaker
[03:11:30] [main/INFO] [LaunchWrapper]: Calling tweak class cpw.mods.fml.common.launcher.FMLTweaker
[03:13:17] [main/INFO] [GradleStart]: assetIndex: 1.7.10
[03:13:17] [main/INFO] [GradleStart]: Extra: []
[03:13:17] [main/INFO] [GradleStart]: Running with arguments: [--userProperties, {}, --username, ForgeDevName, --tweakClass, cpw.mods.fml.common.launcher.FMLTweaker, --accessToken, {REDACTED}, --assetIndex, 1.7.10, --assetsDir, C:/Users/Jonathon Secora/.gradle/caches/minecraft/assets, --version, 1.7.10]
[03:13:17] [main/INFO] [LaunchWrapper]: Loading tweak class name cpw.mods.fml.common.launcher.FMLTweaker
[03:13:17] [main/INFO] [LaunchWrapper]: Using primary tweak class name cpw.mods.fml.common.launcher.FMLTweaker
[03:13:17] [main/INFO] [LaunchWrapper]: Calling tweak class cpw.mods.fml.common.launcher.FMLTweaker
[03:35:51] [main/INFO] [GradleStart]: assetIndex: 1.7.10
[03:35:51] [main/INFO] [GradleStart]: Extra: []
[03:35:51] [main/INFO] [GradleStart]: Running with arguments: [--userProperties, {}, --username, ForgeDevName, --tweakClass, cpw.mods.fml.common.launcher.FMLTweaker, --accessToken, {REDACTED}, --assetIndex, 1.7.10, --assetsDir, C:/Users/Jonathon Secora/.gradle/caches/minecraft/assets, --version, 1.7.10]
[03:35:51] [main/INFO] [LaunchWrapper]: Loading tweak class name cpw.mods.fml.common.launcher.FMLTweaker
[03:35:51] [main/INFO] [LaunchWrapper]: Using primary tweak class name cpw.mods.fml.common.launcher.FMLTweaker
[03:35:51] [main/INFO] [LaunchWrapper]: Calling tweak class cpw.mods.fml.common.launcher.FMLTweaker
[03:36:35] [main/INFO] [GradleStart]: assetIndex: 1.7.10
[03:36:35] [main/INFO] [GradleStart]: Extra: []
[03:36:35] [main/INFO] [GradleStart]: Running with arguments: [--userProperties, {}, --username, ForgeDevName, --tweakClass, cpw.mods.fml.common.launcher.FMLTweaker, --accessToken, {REDACTED}, --assetIndex, 1.7.10, --assetsDir, C:/Users/Jonathon Secora/.gradle/caches/minecraft/assets, --version, 1.7.10]
[03:36:35] [main/INFO] [LaunchWrapper]: Loading tweak class name cpw.mods.fml.common.launcher.FMLTweaker
[03:36:35] [main/INFO] [LaunchWrapper]: Using primary tweak class name cpw.mods.fml.common.launcher.FMLTweaker
[03:36:35] [main/INFO] [LaunchWrapper]: Calling tweak class cpw.mods.fml.common.launcher.FMLTweaker
[21:44:48] [main/INFO] [GradleStart]: assetIndex: 1.7.10
[21:44:48] [main/INFO] [GradleStart]: Extra: []
[21:44:48] [main/INFO] [GradleStart]: Running with arguments: [--userProperties, {}, --username, ForgeDevName, --tweakClass, cpw.mods.fml.common.launcher.FMLTweaker, --accessToken, {REDACTED}, --assetIndex, 1.7.10, --assetsDir, C:/Users/Jonathon Secora/.gradle/caches/minecraft/assets, --version, 1.7.10]
[21:44:48] [main/INFO] [LaunchWrapper]: Loading tweak class name cpw.mods.fml.common.launcher.FMLTweaker
[21:44:48] [main/INFO] [LaunchWrapper]: Using primary tweak class name cpw.mods.fml.common.launcher.FMLTweaker
[21:44:48] [main/INFO] [LaunchWrapper]: Calling tweak class cpw.mods.fml.common.launcher.FMLTweaker
[14:23:47] [main/INFO] [GradleStart]: assetIndex: 1.7.10
[14:23:47] [main/INFO] [GradleStart]: Extra: []
[14:23:47] [main/INFO] [GradleStart]: Running with arguments: [--userProperties, {}, --username, ForgeDevName, --tweakClass, cpw.mods.fml.common.launcher.FMLTweaker, --accessToken, {REDACTED}, --assetIndex, 1.7.10, --assetsDir, C:/Users/Jonathon Secora/.gradle/caches/minecraft/assets, --version, 1.7.10]
[14:23:47] [main/INFO] [LaunchWrapper]: Loading tweak class name cpw.mods.fml.common.launcher.FMLTweaker
[14:23:47] [main/INFO] [LaunchWrapper]: Using primary tweak class name cpw.mods.fml.common.launcher.FMLTweaker
[14:23:47] [main/INFO] [LaunchWrapper]: Calling tweak class cpw.mods.fml.common.launcher.FMLTweaker
[14:50:34] [main/INFO] [GradleStart]: assetIndex: 1.7.10
[14:50:34] [main/INFO] [GradleStart]: Extra: []
[14:50:34] [main/INFO] [GradleStart]: Running with arguments: [--userProperties, {}, --username, ForgeDevName, --tweakClass, cpw.mods.fml.common.launcher.FMLTweaker, --accessToken, {REDACTED}, --assetIndex, 1.7.10, --assetsDir, C:/Users/Jonathon Secora/.gradle/caches/minecraft/assets, --version, 1.7.10]
[14:50:34] [main/INFO] [LaunchWrapper]: Loading tweak class name cpw.mods.fml.common.launcher.FMLTweaker
[14:50:34] [main/INFO] [LaunchWrapper]: Using primary tweak class name cpw.mods.fml.common.launcher.FMLTweaker
[14:50:34] [main/INFO] [LaunchWrapper]: Calling tweak class cpw.mods.fml.common.launcher.FMLTweaker
[15:21:28] [main/INFO] [GradleStart]: assetIndex: 1.7.10
[15:21:28] [main/INFO] [GradleStart]: Extra: []
[15:21:28] [main/INFO] [GradleStart]: Running with arguments: [--userProperties, {}, --username, ForgeDevName, --tweakClass, cpw.mods.fml.common.launcher.FMLTweaker, --accessToken, {REDACTED}, --assetIndex, 1.7.10, --assetsDir, C:/Users/Jonathon Secora/.gradle/caches/minecraft/assets, --version, 1.7.10]
[15:21:28] [main/INFO] [LaunchWrapper]: Loading tweak class name cpw.mods.fml.common.launcher.FMLTweaker
[15:21:28] [main/INFO] [LaunchWrapper]: Using primary tweak class name cpw.mods.fml.common.launcher.FMLTweaker
[15:21:28] [main/INFO] [LaunchWrapper]: Calling tweak class cpw.mods.fml.common.launcher.FMLTweaker
[15:29:24] [main/INFO] [GradleStart]: username: Mario90900
[15:29:24] [main/INFO] [GradleStart]: assetIndex: 1.7.10
[15:29:24] [main/INFO] [GradleStart]: Extra: []
[15:29:24] [main/INFO] [GradleStart]: Password found, attempting login
[15:29:25] [main/INFO] [GradleStart]: Login Succesful!
[15:29:25] [main/INFO] [GradleStart]: Running with arguments: [--userProperties, {}, --username, Mario90900, --tweakClass, cpw.mods.fml.common.launcher.FMLTweaker, --accessToken, {REDACTED}, --assetIndex, 1.7.10, --uuid, 019195b278b44ed1b4bf2a6783f23737, --assetsDir, C:/Users/Jonathon Secora/.gradle/caches/minecraft/assets, --version, 1.7.10]
[15:29:25] [main/INFO] [LaunchWrapper]: Loading tweak class name cpw.mods.fml.common.launcher.FMLTweaker
[15:29:25] [main/INFO] [LaunchWrapper]: Using primary tweak class name cpw.mods.fml.common.launcher.FMLTweaker
[15:29:25] [main/INFO] [LaunchWrapper]: Calling tweak class cpw.mods.fml.common.launcher.FMLTweaker
[22:13:55] [main/INFO] [GradleStart]: username: Mario90900
[22:13:55] [main/INFO] [GradleStart]: assetIndex: 1.7.10
[22:13:55] [main/INFO] [GradleStart]: Extra: []
[22:13:55] [main/INFO] [GradleStart]: Password found, attempting login
[22:13:56] [main/INFO] [GradleStart]: Login Succesful!
[22:13:56] [main/INFO] [GradleStart]: Running with arguments: [--userProperties, {}, --username, Mario90900, --tweakClass, cpw.mods.fml.common.launcher.FMLTweaker, --accessToken, {REDACTED}, --assetIndex, 1.7.10, --uuid, 019195b278b44ed1b4bf2a6783f23737, --assetsDir, C:/Users/Jonathon Secora/.gradle/caches/minecraft/assets, --version, 1.7.10]
[22:13:56] [main/INFO] [LaunchWrapper]: Loading tweak class name cpw.mods.fml.common.launcher.FMLTweaker
[22:13:56] [main/INFO] [LaunchWrapper]: Using primary tweak class name cpw.mods.fml.common.launcher.FMLTweaker
[22:13:56] [main/INFO] [LaunchWrapper]: Calling tweak class cpw.mods.fml.common.launcher.FMLTweaker
[18:45:08] [main/INFO] [GradleStart]: username: Mario90900
[18:45:08] [main/INFO] [GradleStart]: assetIndex: 1.7.10
[18:45:08] [main/INFO] [GradleStart]: Extra: []
[18:45:08] [main/INFO] [GradleStart]: Password found, attempting login
[18:45:09] [main/INFO] [GradleStart]: Login Succesful!
[18:45:09] [main/INFO] [GradleStart]: Running with arguments: [--userProperties, {}, --username, Mario90900, --tweakClass, cpw.mods.fml.common.launcher.FMLTweaker, --accessToken, {REDACTED}, --assetIndex, 1.7.10, --uuid, 019195b278b44ed1b4bf2a6783f23737, --assetsDir, C:/Users/Jonathon Secora/.gradle/caches/minecraft/assets, --version, 1.7.10]
[18:45:09] [main/INFO] [LaunchWrapper]: Loading tweak class name cpw.mods.fml.common.launcher.FMLTweaker
[18:45:09] [main/INFO] [LaunchWrapper]: Using primary tweak class name cpw.mods.fml.common.launcher.FMLTweaker
[18:45:09] [main/INFO] [LaunchWrapper]: Calling tweak class cpw.mods.fml.common.launcher.FMLTweaker
[19:27:55] [main/INFO] [GradleStart]: username: Mario90900
[19:27:55] [main/INFO] [GradleStart]: assetIndex: 1.7.10
[19:27:55] [main/INFO] [GradleStart]: Extra: []
[19:27:55] [main/INFO] [GradleStart]: Password found, attempting login
[19:27:56] [main/INFO] [GradleStart]: Login Succesful!
[19:27:56] [main/INFO] [GradleStart]: Running with arguments: [--userProperties, {}, --username, Mario90900, --tweakClass, cpw.mods.fml.common.launcher.FMLTweaker, --accessToken, {REDACTED}, --assetIndex, 1.7.10, --uuid, 019195b278b44ed1b4bf2a6783f23737, --assetsDir, C:/Users/Jonathon Secora/.gradle/caches/minecraft/assets, --version, 1.7.10]
[19:27:56] [main/INFO] [LaunchWrapper]: Loading tweak class name cpw.mods.fml.common.launcher.FMLTweaker
[19:27:56] [main/INFO] [LaunchWrapper]: Using primary tweak class name cpw.mods.fml.common.launcher.FMLTweaker
[19:27:56] [main/INFO] [LaunchWrapper]: Calling tweak class cpw.mods.fml.common.launcher.FMLTweaker
[19:32:28] [main/INFO] [GradleStart]: username: Mario90900
[19:32:28] [main/INFO] [GradleStart]: assetIndex: 1.7.10
[19:32:28] [main/INFO] [GradleStart]: Extra: []
[19:32:28] [main/INFO] [GradleStart]: Password found, attempting login
[19:32:29] [main/INFO] [GradleStart]: Login Succesful!
[19:32:29] [main/INFO] [GradleStart]: Running with arguments: [--userProperties, {}, --username, Mario90900, --tweakClass, cpw.mods.fml.common.launcher.FMLTweaker, --accessToken, {REDACTED}, --assetIndex, 1.7.10, --uuid, 019195b278b44ed1b4bf2a6783f23737, --assetsDir, C:/Users/Jonathon Secora/.gradle/caches/minecraft/assets, --version, 1.7.10]
[19:32:29] [main/INFO] [LaunchWrapper]: Loading tweak class name cpw.mods.fml.common.launcher.FMLTweaker
[19:32:29] [main/INFO] [LaunchWrapper]: Using primary tweak class name cpw.mods.fml.common.launcher.FMLTweaker
[19:32:29] [main/INFO] [LaunchWrapper]: Calling tweak class cpw.mods.fml.common.launcher.FMLTweaker
[19:41:33] [main/INFO] [GradleStart]: username: Mario90900
[19:41:33] [main/INFO] [GradleStart]: assetIndex: 1.7.10
[19:41:33] [main/INFO] [GradleStart]: Extra: []
[19:41:33] [main/INFO] [GradleStart]: Password found, attempting login
[19:41:34] [main/INFO] [GradleStart]: Login Succesful!
[19:41:34] [main/INFO] [GradleStart]: Running with arguments: [--userProperties, {}, --username, Mario90900, --tweakClass, cpw.mods.fml.common.launcher.FMLTweaker, --accessToken, {REDACTED}, --assetIndex, 1.7.10, --uuid, 019195b278b44ed1b4bf2a6783f23737, --assetsDir, C:/Users/Jonathon Secora/.gradle/caches/minecraft/assets, --version, 1.7.10]
[19:41:34] [main/INFO] [LaunchWrapper]: Loading tweak class name cpw.mods.fml.common.launcher.FMLTweaker
[19:41:34] [main/INFO] [LaunchWrapper]: Using primary tweak class name cpw.mods.fml.common.launcher.FMLTweaker
[19:41:34] [main/INFO] [LaunchWrapper]: Calling tweak class cpw.mods.fml.common.launcher.FMLTweaker
[19:48:15] [main/INFO] [GradleStart]: username: Mario90900
[19:48:15] [main/INFO] [GradleStart]: assetIndex: 1.7.10
[19:48:15] [main/INFO] [GradleStart]: Extra: []
[19:48:15] [main/INFO] [GradleStart]: Password found, attempting login
[19:48:16] [main/INFO] [GradleStart]: Login Succesful!
[19:48:16] [main/INFO] [GradleStart]: Running with arguments: [--userProperties, {}, --username, Mario90900, --tweakClass, cpw.mods.fml.common.launcher.FMLTweaker, --accessToken, {REDACTED}, --assetIndex, 1.7.10, --uuid, 019195b278b44ed1b4bf2a6783f23737, --assetsDir, C:/Users/Jonathon Secora/.gradle/caches/minecraft/assets, --version, 1.7.10]
[19:48:16] [main/INFO] [LaunchWrapper]: Loading tweak class name cpw.mods.fml.common.launcher.FMLTweaker
[19:48:16] [main/INFO] [LaunchWrapper]: Using primary tweak class name cpw.mods.fml.common.launcher.FMLTweaker
[19:48:16] [main/INFO] [LaunchWrapper]: Calling tweak class cpw.mods.fml.common.launcher.FMLTweaker
[19:53:59] [main/INFO] [GradleStart]: username: Mario90900
[19:53:59] [main/INFO] [GradleStart]: assetIndex: 1.7.10
[19:53:59] [main/INFO] [GradleStart]: Extra: []
[19:53:59] [main/INFO] [GradleStart]: Password found, attempting login
[19:54:00] [main/INFO] [GradleStart]: Login Succesful!
[19:54:00] [main/INFO] [GradleStart]: Running with arguments: [--userProperties, {}, --username, Mario90900, --tweakClass, cpw.mods.fml.common.launcher.FMLTweaker, --accessToken, {REDACTED}, --assetIndex, 1.7.10, --uuid, 019195b278b44ed1b4bf2a6783f23737, --assetsDir, C:/Users/Jonathon Secora/.gradle/caches/minecraft/assets, --version, 1.7.10]
[19:54:00] [main/INFO] [LaunchWrapper]: Loading tweak class name cpw.mods.fml.common.launcher.FMLTweaker
[19:54:00] [main/INFO] [LaunchWrapper]: Using primary tweak class name cpw.mods.fml.common.launcher.FMLTweaker
[19:54:00] [main/INFO] [LaunchWrapper]: Calling tweak class cpw.mods.fml.common.launcher.FMLTweaker
[20:00:58] [main/INFO] [GradleStart]: username: Mario90900
[20:00:58] [main/INFO] [GradleStart]: assetIndex: 1.7.10
[20:00:58] [main/INFO] [GradleStart]: Extra: []
[20:00:58] [main/INFO] [GradleStart]: Password found, attempting login
[20:00:59] [main/INFO] [GradleStart]: Login Succesful!
[20:00:59] [main/INFO] [GradleStart]: Running with arguments: [--userProperties, {}, --username, Mario90900, --tweakClass, cpw.mods.fml.common.launcher.FMLTweaker, --accessToken, {REDACTED}, --assetIndex, 1.7.10, --uuid, 019195b278b44ed1b4bf2a6783f23737, --assetsDir, C:/Users/Jonathon Secora/.gradle/caches/minecraft/assets, --version, 1.7.10]
[20:00:59] [main/INFO] [LaunchWrapper]: Loading tweak class name cpw.mods.fml.common.launcher.FMLTweaker
[20:00:59] [main/INFO] [LaunchWrapper]: Using primary tweak class name cpw.mods.fml.common.launcher.FMLTweaker
[20:00:59] [main/INFO] [LaunchWrapper]: Calling tweak class cpw.mods.fml.common.launcher.FMLTweaker
[15:07:10] [main/INFO] [GradleStart]: username: Mario90900
[15:07:10] [main/INFO] [GradleStart]: assetIndex: 1.7.10
[15:07:10] [main/INFO] [GradleStart]: Extra: []
[15:07:10] [main/INFO] [GradleStart]: Password found, attempting login
[15:07:10] [main/INFO] [GradleStart]: Login Succesful!
[15:07:11] [main/INFO] [GradleStart]: Running with arguments: [--userProperties, {}, --username, Mario90900, --tweakClass, cpw.mods.fml.common.launcher.FMLTweaker, --accessToken, {REDACTED}, --assetIndex, 1.7.10, --uuid, 019195b278b44ed1b4bf2a6783f23737, --assetsDir, C:/Users/Jonathon Secora/.gradle/caches/minecraft/assets, --version, 1.7.10]
[15:07:11] [main/INFO] [LaunchWrapper]: Loading tweak class name cpw.mods.fml.common.launcher.FMLTweaker
[15:07:11] [main/INFO] [LaunchWrapper]: Using primary tweak class name cpw.mods.fml.common.launcher.FMLTweaker
[15:07:11] [main/INFO] [LaunchWrapper]: Calling tweak class cpw.mods.fml.common.launcher.FMLTweaker
[15:35:23] [main/INFO] [GradleStart]: username: Mario90900
[15:35:23] [main/INFO] [GradleStart]: assetIndex: 1.7.10
[15:35:23] [main/INFO] [GradleStart]: Extra: []
[15:35:23] [main/INFO] [GradleStart]: Password found, attempting login
[15:35:24] [main/INFO] [GradleStart]: Login Succesful!
[15:35:24] [main/INFO] [GradleStart]: Running with arguments: [--userProperties, {}, --username, Mario90900, --tweakClass, cpw.mods.fml.common.launcher.FMLTweaker, --accessToken, {REDACTED}, --assetIndex, 1.7.10, --uuid, 019195b278b44ed1b4bf2a6783f23737, --assetsDir, C:/Users/Jonathon Secora/.gradle/caches/minecraft/assets, --version, 1.7.10]
[15:35:24] [main/INFO] [LaunchWrapper]: Loading tweak class name cpw.mods.fml.common.launcher.FMLTweaker
[15:35:24] [main/INFO] [LaunchWrapper]: Using primary tweak class name cpw.mods.fml.common.launcher.FMLTweaker
[15:35:24] [main/INFO] [LaunchWrapper]: Calling tweak class cpw.mods.fml.common.launcher.FMLTweaker
[15:58:05] [main/INFO] [GradleStart]: username: Mario90900
[15:58:05] [main/INFO] [GradleStart]: assetIndex: 1.7.10
[15:58:05] [main/INFO] [GradleStart]: Extra: []
[15:58:05] [main/INFO] [GradleStart]: Password found, attempting login
[15:58:06] [main/INFO] [GradleStart]: Login Succesful!
[15:58:06] [main/INFO] [GradleStart]: Running with arguments: [--userProperties, {}, --username, Mario90900, --tweakClass, cpw.mods.fml.common.launcher.FMLTweaker, --accessToken, {REDACTED}, --assetIndex, 1.7.10, --uuid, 019195b278b44ed1b4bf2a6783f23737, --assetsDir, C:/Users/Jonathon Secora/.gradle/caches/minecraft/assets, --version, 1.7.10]
[15:58:06] [main/INFO] [LaunchWrapper]: Loading tweak class name cpw.mods.fml.common.launcher.FMLTweaker
[15:58:06] [main/INFO] [LaunchWrapper]: Using primary tweak class name cpw.mods.fml.common.launcher.FMLTweaker
[15:58:06] [main/INFO] [LaunchWrapper]: Calling tweak class cpw.mods.fml.common.launcher.FMLTweaker
[16:03:44] [main/INFO] [GradleStart]: username: Mario90900
[16:03:44] [main/INFO] [GradleStart]: assetIndex: 1.7.10
[16:03:44] [main/INFO] [GradleStart]: Extra: []
[16:03:44] [main/INFO] [GradleStart]: Password found, attempting login
[16:03:45] [main/INFO] [GradleStart]: Login Succesful!
[16:03:45] [main/INFO] [GradleStart]: Running with arguments: [--userProperties, {}, --username, Mario90900, --tweakClass, cpw.mods.fml.common.launcher.FMLTweaker, --accessToken, {REDACTED}, --assetIndex, 1.7.10, --uuid, 019195b278b44ed1b4bf2a6783f23737, --assetsDir, C:/Users/Jonathon Secora/.gradle/caches/minecraft/assets, --version, 1.7.10]
[16:03:45] [main/INFO] [LaunchWrapper]: Loading tweak class name cpw.mods.fml.common.launcher.FMLTweaker
[16:03:45] [main/INFO] [LaunchWrapper]: Using primary tweak class name cpw.mods.fml.common.launcher.FMLTweaker
[16:03:45] [main/INFO] [LaunchWrapper]: Calling tweak class cpw.mods.fml.common.launcher.FMLTweaker
[16:04:47] [main/INFO] [GradleStart]: username: Mario90900
[16:04:47] [main/INFO] [GradleStart]: assetIndex: 1.7.10
[16:04:47] [main/INFO] [GradleStart]: Extra: []
[16:04:47] [main/INFO] [GradleStart]: Password found, attempting login
[16:04:48] [main/INFO] [GradleStart]: Login Succesful!
[16:04:48] [main/INFO] [GradleStart]: Running with arguments: [--userProperties, {}, --username, Mario90900, --tweakClass, cpw.mods.fml.common.launcher.FMLTweaker, --accessToken, {REDACTED}, --assetIndex, 1.7.10, --uuid, 019195b278b44ed1b4bf2a6783f23737, --assetsDir, C:/Users/Jonathon Secora/.gradle/caches/minecraft/assets, --version, 1.7.10]
[16:04:48] [main/INFO] [LaunchWrapper]: Loading tweak class name cpw.mods.fml.common.launcher.FMLTweaker
[16:04:48] [main/INFO] [LaunchWrapper]: Using primary tweak class name cpw.mods.fml.common.launcher.FMLTweaker
[16:04:48] [main/INFO] [LaunchWrapper]: Calling tweak class cpw.mods.fml.common.launcher.FMLTweaker
[16:25:58] [main/INFO] [GradleStart]: username: Mario90900
[16:25:58] [main/INFO] [GradleStart]: assetIndex: 1.7.10
[16:25:58] [main/INFO] [GradleStart]: Extra: []
[16:25:58] [main/INFO] [GradleStart]: Password found, attempting login
[16:25:59] [main/INFO] [GradleStart]: Login Succesful!
[16:25:59] [main/INFO] [GradleStart]: Running with arguments: [--userProperties, {}, --username, Mario90900, --tweakClass, cpw.mods.fml.common.launcher.FMLTweaker, --accessToken, {REDACTED}, --assetIndex, 1.7.10, --uuid, 019195b278b44ed1b4bf2a6783f23737, --assetsDir, C:/Users/Jonathon Secora/.gradle/caches/minecraft/assets, --version, 1.7.10]
[16:25:59] [main/INFO] [LaunchWrapper]: Loading tweak class name cpw.mods.fml.common.launcher.FMLTweaker
[16:25:59] [main/INFO] [LaunchWrapper]: Using primary tweak class name cpw.mods.fml.common.launcher.FMLTweaker
[16:25:59] [main/INFO] [LaunchWrapper]: Calling tweak class cpw.mods.fml.common.launcher.FMLTweaker
[16:44:34] [main/INFO] [GradleStart]: username: Mario90900
[16:44:34] [main/INFO] [GradleStart]: assetIndex: 1.7.10
[16:44:34] [main/INFO] [GradleStart]: Extra: []
[16:44:34] [main/INFO] [GradleStart]: Password found, attempting login
[16:44:35] [main/INFO] [GradleStart]: Login Succesful!
[16:44:35] [main/INFO] [GradleStart]: Running with arguments: [--userProperties, {}, --username, Mario90900, --tweakClass, cpw.mods.fml.common.launcher.FMLTweaker, --accessToken, {REDACTED}, --assetIndex, 1.7.10, --uuid, 019195b278b44ed1b4bf2a6783f23737, --assetsDir, C:/Users/Jonathon Secora/.gradle/caches/minecraft/assets, --version, 1.7.10]
[16:44:35] [main/INFO] [LaunchWrapper]: Loading tweak class name cpw.mods.fml.common.launcher.FMLTweaker
[16:44:35] [main/INFO] [LaunchWrapper]: Using primary tweak class name cpw.mods.fml.common.launcher.FMLTweaker
[16:44:35] [main/INFO] [LaunchWrapper]: Calling tweak class cpw.mods.fml.common.launcher.FMLTweaker
[16:54:11] [main/INFO] [GradleStart]: username: Mario90900
[16:54:11] [main/INFO] [GradleStart]: assetIndex: 1.7.10
[16:54:11] [main/INFO] [GradleStart]: Extra: []
[16:54:11] [main/INFO] [GradleStart]: Password found, attempting login
[16:54:12] [main/INFO] [GradleStart]: Login Succesful!
[16:54:12] [main/INFO] [GradleStart]: Running with arguments: [--userProperties, {}, --username, Mario90900, --tweakClass, cpw.mods.fml.common.launcher.FMLTweaker, --accessToken, {REDACTED}, --assetIndex, 1.7.10, --uuid, 019195b278b44ed1b4bf2a6783f23737, --assetsDir, C:/Users/Jonathon Secora/.gradle/caches/minecraft/assets, --version, 1.7.10]
[16:54:12] [main/INFO] [LaunchWrapper]: Loading tweak class name cpw.mods.fml.common.launcher.FMLTweaker
[16:54:12] [main/INFO] [LaunchWrapper]: Using primary tweak class name cpw.mods.fml.common.launcher.FMLTweaker
[16:54:12] [main/INFO] [LaunchWrapper]: Calling tweak class cpw.mods.fml.common.launcher.FMLTweaker
[16:59:02] [main/INFO] [GradleStart]: username: Mario90900
[16:59:02] [main/INFO] [GradleStart]: assetIndex: 1.7.10
[16:59:02] [main/INFO] [GradleStart]: Extra: []
[16:59:02] [main/INFO] [GradleStart]: Password found, attempting login
[16:59:03] [main/INFO] [GradleStart]: Login Succesful!
[16:59:03] [main/INFO] [GradleStart]: Running with arguments: [--userProperties, {}, --username, Mario90900, --tweakClass, cpw.mods.fml.common.launcher.FMLTweaker, --accessToken, {REDACTED}, --assetIndex, 1.7.10, --uuid, 019195b278b44ed1b4bf2a6783f23737, --assetsDir, C:/Users/Jonathon Secora/.gradle/caches/minecraft/assets, --version, 1.7.10]
[16:59:03] [main/INFO] [LaunchWrapper]: Loading tweak class name cpw.mods.fml.common.launcher.FMLTweaker
[16:59:03] [main/INFO] [LaunchWrapper]: Using primary tweak class name cpw.mods.fml.common.launcher.FMLTweaker
[16:59:03] [main/INFO] [LaunchWrapper]: Calling tweak class cpw.mods.fml.common.launcher.FMLTweaker
[17:53:19] [main/INFO] [GradleStart]: username: Mario90900
[17:53:19] [main/INFO] [GradleStart]: assetIndex: 1.7.10
[17:53:19] [main/INFO] [GradleStart]: Extra: []
[17:53:19] [main/INFO] [GradleStart]: Password found, attempting login
[17:53:20] [main/INFO] [GradleStart]: Login Succesful!
[17:53:20] [main/INFO] [GradleStart]: Running with arguments: [--userProperties, {}, --username, Mario90900, --tweakClass, cpw.mods.fml.common.launcher.FMLTweaker, --accessToken, {REDACTED}, --assetIndex, 1.7.10, --uuid, 019195b278b44ed1b4bf2a6783f23737, --assetsDir, C:/Users/Jonathon Secora/.gradle/caches/minecraft/assets, --version, 1.7.10]
[17:53:20] [main/INFO] [LaunchWrapper]: Loading tweak class name cpw.mods.fml.common.launcher.FMLTweaker
[17:53:20] [main/INFO] [LaunchWrapper]: Using primary tweak class name cpw.mods.fml.common.launcher.FMLTweaker
[17:53:20] [main/INFO] [LaunchWrapper]: Calling tweak class cpw.mods.fml.common.launcher.FMLTweaker
[18:05:33] [main/INFO] [GradleStart]: username: Mario90900
[18:05:33] [main/INFO] [GradleStart]: assetIndex: 1.7.10
[18:05:33] [main/INFO] [GradleStart]: Extra: []
[18:05:33] [main/INFO] [GradleStart]: Password found, attempting login
[18:05:34] [main/INFO] [GradleStart]: Login Succesful!
[18:05:34] [main/INFO] [GradleStart]: Running with arguments: [--userProperties, {}, --username, Mario90900, --tweakClass, cpw.mods.fml.common.launcher.FMLTweaker, --accessToken, {REDACTED}, --assetIndex, 1.7.10, --uuid, 019195b278b44ed1b4bf2a6783f23737, --assetsDir, C:/Users/Jonathon Secora/.gradle/caches/minecraft/assets, --version, 1.7.10]
[18:05:34] [main/INFO] [LaunchWrapper]: Loading tweak class name cpw.mods.fml.common.launcher.FMLTweaker
[18:05:34] [main/INFO] [LaunchWrapper]: Using primary tweak class name cpw.mods.fml.common.launcher.FMLTweaker
[18:05:34] [main/INFO] [LaunchWrapper]: Calling tweak class cpw.mods.fml.common.launcher.FMLTweaker
[18:11:37] [main/INFO] [GradleStart]: username: Mario90900
[18:11:37] [main/INFO] [GradleStart]: assetIndex: 1.7.10
[18:11:37] [main/INFO] [GradleStart]: Extra: []
[18:11:37] [main/INFO] [GradleStart]: Password found, attempting login
[18:11:38] [main/INFO] [GradleStart]: Login Succesful!
[18:11:38] [main/INFO] [GradleStart]: Running with arguments: [--userProperties, {}, --username, Mario90900, --tweakClass, cpw.mods.fml.common.launcher.FMLTweaker, --accessToken, {REDACTED}, --assetIndex, 1.7.10, --uuid, 019195b278b44ed1b4bf2a6783f23737, --assetsDir, C:/Users/Jonathon Secora/.gradle/caches/minecraft/assets, --version, 1.7.10]
[18:11:38] [main/INFO] [LaunchWrapper]: Loading tweak class name cpw.mods.fml.common.launcher.FMLTweaker
[18:11:38] [main/INFO] [LaunchWrapper]: Using primary tweak class name cpw.mods.fml.common.launcher.FMLTweaker
[18:11:38] [main/INFO] [LaunchWrapper]: Calling tweak class cpw.mods.fml.common.launcher.FMLTweaker
[18:20:41] [main/INFO] [GradleStart]: username: Mario90900
[18:20:41] [main/INFO] [GradleStart]: assetIndex: 1.7.10
[18:20:41] [main/INFO] [GradleStart]: Extra: []
[18:20:41] [main/INFO] [GradleStart]: Password found, attempting login
[18:20:41] [main/INFO] [GradleStart]: Login Succesful!
[18:20:41] [main/INFO] [GradleStart]: Running with arguments: [--userProperties, {}, --username, Mario90900, --tweakClass, cpw.mods.fml.common.launcher.FMLTweaker, --accessToken, {REDACTED}, --assetIndex, 1.7.10, --uuid, 019195b278b44ed1b4bf2a6783f23737, --assetsDir, C:/Users/Jonathon Secora/.gradle/caches/minecraft/assets, --version, 1.7.10]
[18:20:41] [main/INFO] [LaunchWrapper]: Loading tweak class name cpw.mods.fml.common.launcher.FMLTweaker
[18:20:41] [main/INFO] [LaunchWrapper]: Using primary tweak class name cpw.mods.fml.common.launcher.FMLTweaker
[18:20:41] [main/INFO] [LaunchWrapper]: Calling tweak class cpw.mods.fml.common.launcher.FMLTweaker
[18:23:38] [main/INFO] [GradleStart]: username: Mario90900
[18:23:38] [main/INFO] [GradleStart]: assetIndex: 1.7.10
[18:23:38] [main/INFO] [GradleStart]: Extra: []
[18:23:38] [main/INFO] [GradleStart]: Password found, attempting login
[18:23:39] [main/INFO] [GradleStart]: Login Succesful!
[18:23:39] [main/INFO] [GradleStart]: Running with arguments: [--userProperties, {}, --username, Mario90900, --tweakClass, cpw.mods.fml.common.launcher.FMLTweaker, --accessToken, {REDACTED}, --assetIndex, 1.7.10, --uuid, 019195b278b44ed1b4bf2a6783f23737, --assetsDir, C:/Users/Jonathon Secora/.gradle/caches/minecraft/assets, --version, 1.7.10]
[18:23:39] [main/INFO] [LaunchWrapper]: Loading tweak class name cpw.mods.fml.common.launcher.FMLTweaker
[18:23:39] [main/INFO] [LaunchWrapper]: Using primary tweak class name cpw.mods.fml.common.launcher.FMLTweaker
[18:23:39] [main/INFO] [LaunchWrapper]: Calling tweak class cpw.mods.fml.common.launcher.FMLTweaker
[18:36:54] [main/INFO] [GradleStart]: username: Mario90900
[18:36:54] [main/INFO] [GradleStart]: assetIndex: 1.7.10
[18:36:54] [main/INFO] [GradleStart]: Extra: []
[18:36:54] [main/INFO] [GradleStart]: Password found, attempting login
[18:36:55] [main/INFO] [GradleStart]: Login Succesful!
[18:36:55] [main/INFO] [GradleStart]: Running with arguments: [--userProperties, {}, --username, Mario90900, --tweakClass, cpw.mods.fml.common.launcher.FMLTweaker, --accessToken, {REDACTED}, --assetIndex, 1.7.10, --uuid, 019195b278b44ed1b4bf2a6783f23737, --assetsDir, C:/Users/Jonathon Secora/.gradle/caches/minecraft/assets, --version, 1.7.10]
[18:36:55] [main/INFO] [LaunchWrapper]: Loading tweak class name cpw.mods.fml.common.launcher.FMLTweaker
[18:36:55] [main/INFO] [LaunchWrapper]: Using primary tweak class name cpw.mods.fml.common.launcher.FMLTweaker
[18:36:55] [main/INFO] [LaunchWrapper]: Calling tweak class cpw.mods.fml.common.launcher.FMLTweaker
[18:48:04] [main/INFO] [GradleStart]: username: Mario90900
[18:48:04] [main/INFO] [GradleStart]: assetIndex: 1.7.10
[18:48:04] [main/INFO] [GradleStart]: Extra: []
[18:48:04] [main/INFO] [GradleStart]: Password found, attempting login
[18:48:05] [main/INFO] [GradleStart]: Login Succesful!
[18:48:05] [main/INFO] [GradleStart]: Running with arguments: [--userProperties, {}, --username, Mario90900, --tweakClass, cpw.mods.fml.common.launcher.FMLTweaker, --accessToken, {REDACTED}, --assetIndex, 1.7.10, --uuid, 019195b278b44ed1b4bf2a6783f23737, --assetsDir, C:/Users/Jonathon Secora/.gradle/caches/minecraft/assets, --version, 1.7.10]
[18:48:05] [main/INFO] [LaunchWrapper]: Loading tweak class name cpw.mods.fml.common.launcher.FMLTweaker
[18:48:05] [main/INFO] [LaunchWrapper]: Using primary tweak class name cpw.mods.fml.common.launcher.FMLTweaker
[18:48:05] [main/INFO] [LaunchWrapper]: Calling tweak class cpw.mods.fml.common.launcher.FMLTweaker
[19:41:11] [main/INFO] [GradleStart]: username: Mario90900
[19:41:11] [main/INFO] [GradleStart]: assetIndex: 1.7.10
[19:41:11] [main/INFO] [GradleStart]: Extra: []
[19:41:11] [main/INFO] [GradleStart]: Password found, attempting login
[19:41:12] [main/INFO] [GradleStart]: Login Succesful!
[19:41:12] [main/INFO] [GradleStart]: Running with arguments: [--userProperties, {}, --username, Mario90900, --tweakClass, cpw.mods.fml.common.launcher.FMLTweaker, --accessToken, {REDACTED}, --assetIndex, 1.7.10, --uuid, 019195b278b44ed1b4bf2a6783f23737, --assetsDir, C:/Users/Jonathon Secora/.gradle/caches/minecraft/assets, --version, 1.7.10]
[19:41:12] [main/INFO] [LaunchWrapper]: Loading tweak class name cpw.mods.fml.common.launcher.FMLTweaker
[19:41:12] [main/INFO] [LaunchWrapper]: Using primary tweak class name cpw.mods.fml.common.launcher.FMLTweaker
[19:41:12] [main/INFO] [LaunchWrapper]: Calling tweak class cpw.mods.fml.common.launcher.FMLTweaker
