[19:41:11] [main/INFO]: Logging in with username & password
[19:41:15] [main/INFO]: Setting user: Mario90900
[19:41:16] [Client thread/INFO]: LWJGL Version: 2.9.1
[19:41:19] [Client thread/INFO]: Reloading ResourceManager: Default, FMLFileResourcePack:Forge Mod Loader, FMLFileResourcePack:Minecraft Forge, FMLFileResourcePack:Fruits of Nature
[19:41:20] [Sound Library Loader/INFO]: Sound engine started
[19:41:22] [Client thread/INFO]: Created: 512x256 textures/blocks-atlas
[19:41:22] [Client thread/INFO]: Created: 256x256 textures/items-atlas
[19:41:22] [Client thread/INFO]: Reloading ResourceManager: Default, FMLFileResourcePack:Forge Mod Loader, FMLFileResourcePack:Minecraft Forge, FMLFileResourcePack:Fruits of Nature
[19:41:22] [Client thread/INFO]: Created: 256x256 textures/items-atlas
[19:41:22] [Client thread/INFO]: Created: 512x256 textures/blocks-atlas
[19:41:23] [Sound Library Loader/INFO]: Sound engine started
[19:41:31] [Server thread/INFO]: Starting integrated minecraft server version 1.7.10
[19:41:31] [Server thread/INFO]: Generating keypair
[19:41:31] [Server thread/INFO]: Preparing start region for level 0
[19:41:32] [Server thread/INFO]: Changing view distance to 12, from 10
[19:41:32] [Server thread/INFO]: Mario90900[local:E:7188c056] logged in with entity id 78 at (107.16050439443862, 64.0, 79.87055271190074)
[19:41:32] [Server thread/INFO]: Mario90900 joined the game
[19:41:41] [Server thread/INFO]: [Mario90900: Set own game mode to Creative Mode]
[19:41:41] [Client thread/INFO]: [CHAT] Your game mode has been updated
[19:41:55] [Server thread/INFO]: [Mario90900: Set own game mode to Survival Mode]
[19:41:55] [Client thread/INFO]: [CHAT] Your game mode has been updated
[19:49:50] [Server thread/INFO]: Saving and pausing game...
[19:49:50] [Server thread/INFO]: Saving chunks for level 'New World'/Overworld
[19:49:50] [Server thread/INFO]: Saving chunks for level 'New World'/Nether
[19:49:50] [Server thread/INFO]: Saving chunks for level 'New World'/The End
[19:49:51] [Server thread/INFO]: Stopping server
[19:49:51] [Server thread/INFO]: Saving players
[19:49:51] [Server thread/INFO]: Saving worlds
[19:49:51] [Server thread/INFO]: Saving chunks for level 'New World'/Overworld
[19:49:51] [Server thread/INFO]: Saving chunks for level 'New World'/Nether
[19:49:51] [Server thread/INFO]: Saving chunks for level 'New World'/The End
[19:49:54] [Server thread/INFO]: Starting integrated minecraft server version 1.7.10
[19:49:54] [Server thread/INFO]: Generating keypair
[19:49:55] [Server thread/INFO]: Preparing start region for level 0
[19:49:55] [Server thread/INFO]: Changing view distance to 12, from 10
[19:49:55] [Server thread/INFO]: Mario90900[local:E:b7f3983a] logged in with entity id 208438 at (108.50381932588427, 64.0, 81.00936654180691)
[19:49:55] [Server thread/INFO]: Mario90900 joined the game
[19:56:49] [Server thread/INFO]: Saving and pausing game...
[19:56:49] [Server thread/INFO]: Saving chunks for level 'New World'/Overworld
[19:56:49] [Server thread/INFO]: Saving chunks for level 'New World'/Nether
[19:56:49] [Server thread/INFO]: Saving chunks for level 'New World'/The End
[20:02:49] [Server thread/INFO]: Saving and pausing game...
[20:02:49] [Server thread/INFO]: Saving chunks for level 'New World'/Overworld
[20:02:49] [Server thread/INFO]: Saving chunks for level 'New World'/Nether
[20:02:49] [Server thread/INFO]: Saving chunks for level 'New World'/The End
[20:03:00] [Server thread/INFO]: Saving and pausing game...
[20:03:00] [Server thread/INFO]: Saving chunks for level 'New World'/Overworld
[20:03:00] [Server thread/INFO]: Saving chunks for level 'New World'/Nether
[20:03:00] [Server thread/INFO]: Saving chunks for level 'New World'/The End
[20:03:01] [Server thread/INFO]: Stopping server
[20:03:01] [Server thread/INFO]: Saving players
[20:03:01] [Server thread/INFO]: Saving worlds
[20:03:01] [Server thread/INFO]: Saving chunks for level 'New World'/Overworld
[20:03:01] [Server thread/INFO]: Saving chunks for level 'New World'/Nether
[20:03:01] [Server thread/INFO]: Saving chunks for level 'New World'/The End
[20:03:02] [Client thread/INFO]: Stopping!
